#
# There is insufficient memory for the Java Runtime Environment to continue.
# Native memory allocation (malloc) failed to allocate 1048576 bytes for AllocateHeap
# Possible reasons:
#   The system is out of physical RAM or swap space
#   In 32 bit mode, the process size limit was hit
# Possible solutions:
#   Reduce memory load on the system
#   Increase physical memory or swap space
#   Check if swap backing store is full
#   Use 64 bit Java on a 64 bit OS
#   Decrease Java heap size (-Xmx/-Xms)
#   Decrease number of Java threads
#   Decrease Java thread stack sizes (-Xss)
#   Set larger code cache with -XX:ReservedCodeCacheSize=
# This output file may be truncated or incomplete.
#
#  Out of Memory Error (memory/allocation.inline.hpp:61), pid=13008, tid=0x00000000000023a0
#
# JRE version:  (8.0_101-b13) (build )
# Java VM: Java HotSpot(TM) 64-Bit Server VM (25.101-b13 mixed mode windows-amd64 compressed oops)
# Failed to write core dump. Minidumps are not enabled by default on client versions of Windows
#

---------------  T H R E A D  ---------------

Current thread (0x00000000034b0800):  JavaThread "Unknown thread" [_thread_in_vm, id=9120, stack(0x00000000033b0000,0x00000000034b0000)]

Stack: [0x00000000033b0000,0x00000000034b0000]
[error occurred during error reporting (printing stack bounds), id 0xc0000005]

Native frames: (J=compiled Java code, j=interpreted, Vv=VM code, C=native code)


---------------  P R O C E S S  ---------------

Java Threads: ( => current thread )

Other Threads:

=>0x00000000034b0800 (exited) JavaThread "Unknown thread" [_thread_in_vm, id=9120, stack(0x00000000033b0000,0x00000000034b0000)]

VM state:not at safepoint (normal execution)

VM Mutex/Monitor currently owned by a thread: None

Heap:
 PSYoungGen      total 18944K, used 327K [0x00000000eb200000, 0x00000000ec700000, 0x0000000100000000)
  eden space 16384K, 2% used [0x00000000eb200000,0x00000000eb251ec8,0x00000000ec200000)
  from space 2560K, 0% used [0x00000000ec480000,0x00000000ec480000,0x00000000ec700000)
  to   space 2560K, 0% used [0x00000000ec200000,0x00000000ec200000,0x00000000ec480000)
 ParOldGen       total 44032K, used 0K [0x00000000c1600000, 0x00000000c4100000, 0x00000000eb200000)
  object space 44032K, 0% used [0x00000000c1600000,0x00000000c1600000,0x00000000c4100000)
 Metaspace       used 746K, capacity 4480K, committed 4480K, reserved 1056768K
  class space    used 75K, capacity 384K, committed 384K, reserved 1048576K

Card table byte_map: [0x0000000012970000,0x0000000012b70000] byte_map_base: 0x0000000012365000

Marking Bits: (ParMarkBitMap*) 0x0000000077f7a6d0
 Begin Bits: [0x00000000130c0000, 0x0000000014068000)
 End Bits:   [0x0000000014068000, 0x0000000015010000)

Polling page: 0x0000000001260000

CodeCache: size=245760Kb used=328Kb max_used=328Kb free=245431Kb
 bounds [0x00000000035b0000, 0x0000000003820000, 0x00000000125b0000]
 total_blobs=58 nmethods=0 adapters=38
 compilation: enabled

Compilation events (0 events):
No events

GC Heap History (0 events):
No events

Deoptimization events (0 events):
No events

Internal exceptions (0 events):
No events

Events (10 events):
Event: 0.044 loading class java/lang/Short
Event: 0.044 loading class java/lang/Short done
Event: 0.044 loading class java/lang/Integer
Event: 0.044 loading class java/lang/Integer done
Event: 0.044 loading class java/lang/Long
Event: 0.044 loading class java/lang/Long done
Event: 0.045 loading class java/lang/NullPointerException
Event: 0.045 loading class java/lang/NullPointerException done
Event: 0.045 loading class java/lang/ArithmeticException
Event: 0.045 loading class java/lang/ArithmeticException done


Dynamic libraries:
0x00007ff705150000 - 0x00007ff705187000 	C:\Program Files\Java\jre1.8.0_101\bin\javaw.exe
0x00007ffda9d80000 - 0x00007ffda9f51000 	C:\Windows\SYSTEM32\ntdll.dll
0x00007ffda8bb0000 - 0x00007ffda8c5b000 	C:\Windows\System32\KERNEL32.DLL
0x00007ffda6a70000 - 0x00007ffda6c8d000 	C:\Windows\System32\KERNELBASE.dll
0x00007ffda9760000 - 0x00007ffda9802000 	C:\Windows\System32\ADVAPI32.dll
0x00007ffda8eb0000 - 0x00007ffda8f4e000 	C:\Windows\System32\msvcrt.dll
0x00007ffda8b50000 - 0x00007ffda8ba9000 	C:\Windows\System32\sechost.dll
0x00007ffda8d80000 - 0x00007ffda8ea1000 	C:\Windows\System32\RPCRT4.dll
0x00007ffda95f0000 - 0x00007ffda9755000 	C:\Windows\System32\USER32.dll
0x00007ffda72f0000 - 0x00007ffda730e000 	C:\Windows\System32\win32u.dll
0x00007ffda8890000 - 0x00007ffda88c4000 	C:\Windows\System32\GDI32.dll
0x00007ffda7160000 - 0x00007ffda72e2000 	C:\Windows\System32\gdi32full.dll
0x00007ffd9b420000 - 0x00007ffd9b699000 	C:\Windows\WinSxS\amd64_microsoft.windows.common-controls_6595b64144ccf1df_6.0.14393.0_none_2d0f50fcbdb171b8\COMCTL32.dll
0x00007ffda9170000 - 0x00007ffda9437000 	C:\Windows\System32\combase.dll
0x00007ffda6da0000 - 0x00007ffda6e95000 	C:\Windows\System32\ucrtbase.dll
0x00007ffda6270000 - 0x00007ffda62da000 	C:\Windows\System32\bcryptPrimitives.dll
0x00007ffda9440000 - 0x00007ffda946e000 	C:\Windows\System32\IMM32.DLL
0x0000000077680000 - 0x0000000077752000 	C:\Program Files\Java\jre1.8.0_101\bin\msvcr100.dll
0x0000000077760000 - 0x0000000077ffa000 	C:\Program Files\Java\jre1.8.0_101\bin\server\jvm.dll
0x00007ffda8a40000 - 0x00007ffda8a48000 	C:\Windows\System32\PSAPI.DLL
0x00007ffda2e60000 - 0x00007ffda2e6a000 	C:\Windows\SYSTEM32\VERSION.dll
0x00007ffda42c0000 - 0x00007ffda42e3000 	C:\Windows\SYSTEM32\WINMM.dll
0x00007ffda02f0000 - 0x00007ffda02f9000 	C:\Windows\SYSTEM32\WSOCK32.dll
0x00007ffda7310000 - 0x00007ffda737a000 	C:\Windows\System32\WS2_32.dll
0x00007ffda4290000 - 0x00007ffda42bb000 	C:\Windows\SYSTEM32\WINMMBASE.dll
0x00007ffda6ea0000 - 0x00007ffda6ee2000 	C:\Windows\System32\cfgmgr32.dll
0x00000000501e0000 - 0x00000000501ef000 	C:\Program Files\Java\jre1.8.0_101\bin\verify.dll
0x00000000501b0000 - 0x00000000501d9000 	C:\Program Files\Java\jre1.8.0_101\bin\java.dll
0x0000000050190000 - 0x00000000501a6000 	C:\Program Files\Java\jre1.8.0_101\bin\zip.dll

VM Arguments:
jvm_args: -Dfile.encoding=GBK 
java_command: MyDraw
java_class_path (initial): E:\在NTU\eclipse\BSpline\bin;E:\在NTU\eclipse\BSpline\lib\gluegen-rt-natives-windows-amd64.jar;E:\在NTU\eclipse\BSpline\lib\gluegen-rt.jar;E:\在NTU\eclipse\BSpline\lib\gluegen.jar;E:\在NTU\eclipse\BSpline\lib\jogl-all-natives-windows-amd64.jar;E:\在NTU\eclipse\BSpline\lib\jogl-all.jar
Launcher Type: SUN_STANDARD

Environment Variables:
JAVA_HOME=C:\Program Files\Java\jdk1.8.0_101
CLASSPATH=.;.;e:\在ntu\eclipse\lib\sound.jar;e:\在ntu\eclipse\lib\jmf.jar;e:\在ntu\eclipse\lib;
PATH=C:/Program Files/Java/jre1.8.0_101/bin/server;C:/Program Files/Java/jre1.8.0_101/bin;C:/Program Files/Java/jre1.8.0_101/lib/amd64;C:\ProgramData\Oracle\Java\javapath;C:\Windows\system32;C:\Windows;C:\Windows\System32\Wbem;C:\Windows\System32\WindowsPowerShell\v1.0\;C:\Program Files (x86)\ATI Technologies\ATI.ACE\Core-Static;C:\Program Files (x86)\GtkSharp\2.12\bin;D:\Git\cmd;C:\Program Files\Java\jdk1.8.0_101/bin;C:\Program Files\Java\jdk1.8.0_101/jre/bin;C:\Program Files\MySQL\MySQL Utilities 1.6\;C:\Users\liing\AppData\Local\Microsoft\WindowsApps;;C:\Windows\system32;
USERNAME=liing
OS=Windows_NT
PROCESSOR_IDENTIFIER=Intel64 Family 6 Model 42 Stepping 7, GenuineIntel



---------------  S Y S T E M  ---------------

OS: Windows 10.0 , 64 bit Build 14393 (10.0.14393.0)

CPU:total 4 (2 cores per cpu, 2 threads per core) family 6 model 42 stepping 7, cmov, cx8, fxsr, mmx, sse, sse2, sse3, ssse3, sse4.1, sse4.2, popcnt, avx, aes, clmul, ht, tsc, tscinvbit

Memory: 4k page, physical 4103404k(573796k free), swap 10657000k(5932k free)

vm_info: Java HotSpot(TM) 64-Bit Server VM (25.101-b13) for windows-amd64 JRE (1.8.0_101-b13), built on Jun 22 2016 01:21:29 by "java_re" with MS VC++ 10.0 (VS2010)

time: Sun Oct 16 17:16:55 2016
elapsed time: 0 seconds (0d 0h 0m 0s)

